


ARM Macro Assembler    Page 1 


    1 00000000                 AREA             test, CODE, READONLY
    2 00000000                 export           add_asm
    3 00000000         add_asm
    4 00000000         
    5 00000000 EE30 0A80       VADD.f32         S0, S1, S0
    6 00000004 4770            BX               LR
    7 00000006         
    8 00000006                 END
Command Line: --debug --xref --diag_suppress=9931 --cpu=Cortex-M4.fp --apcs=int
erwork --depend=.\objects\add_asm.d -o.\objects\add_asm.o -IP:\ECSE444\G00Lab0\
RTE -IC:\Keil_v5\ARM\PACK\ARM\CMSIS\5.3.0\CMSIS\Include -IC:\Keil_v5\ARM\PACK\A
RM\CMSIS\5.3.0\Device\ARM\ARMCM4\Include --predefine="__EVAL SETA 1" --predefin
e="__UVISION_VERSION SETA 515" --predefine="_RTE_ SETA 1" --predefine="ARMCM4_F
P SETA 1" --list=.\listings\add_asm.lst asm\add_asm.s



ARM Macro Assembler    Page 1 Alphabetic symbol ordering
Relocatable symbols

add_asm 00000000

Symbol: add_asm
   Definitions
      At line 3 in file asm\add_asm.s
   Uses
      At line 2 in file asm\add_asm.s
Comment: add_asm used once
test 00000000

Symbol: test
   Definitions
      At line 1 in file asm\add_asm.s
   Uses
      None
Comment: test unused
2 symbols
337 symbols in table
